VMasterVPN-Android/app/build/intermediates/manifest_merge_blame_file/debug/manifest-merger-blame-debug-report.txt
1<?xml version="1.0" encoding="utf-8"?>
2<manifest xmlns:android="http://schemas.android.com/apk/res/android"
3    package="com.vmaster.vpn"
4    android:versionCode="1"
5    android:versionName="1.0.0" >
6
7    <uses-sdk
8        android:minSdkVersion="21"
9        android:targetSdkVersion="34" />
10
11    <!-- Permissions -->
12    <uses-permission android:name="android.permission.INTERNET" />
12-->src/main/AndroidManifest.xml:6:5-67
12-->src/main/AndroidManifest.xml:6:22-64
13    <uses-permission android:name="android.permission.ACCESS_NETWORK_STATE" />
13-->src/main/AndroidManifest.xml:7:5-79
13-->src/main/AndroidManifest.xml:7:22-76
14    <uses-permission android:name="android.permission.CHANGE_NETWORK_STATE" />
14-->src/main/AndroidManifest.xml:8:5-79
14-->src/main/AndroidManifest.xml:8:22-76
15    <uses-permission android:name="android.permission.FOREGROUND_SERVICE" />
15-->src/main/AndroidManifest.xml:9:5-77
15-->src/main/AndroidManifest.xml:9:22-74
16    <uses-permission android:name="android.permission.BIND_VPN_SERVICE" />
16-->src/main/AndroidManifest.xml:10:5-75
16-->src/main/AndroidManifest.xml:10:22-72
17    <uses-permission android:name="android.permission.WAKE_LOCK" />
17-->src/main/AndroidManifest.xml:11:5-68
17-->src/main/AndroidManifest.xml:11:22-65
18    <uses-permission android:name="android.permission.RECEIVE_BOOT_COMPLETED" />
18-->src/main/AndroidManifest.xml:12:5-81
18-->src/main/AndroidManifest.xml:12:22-78
19    <uses-permission android:name="android.permission.POST_NOTIFICATIONS" />
19-->src/main/AndroidManifest.xml:13:5-77
19-->src/main/AndroidManifest.xml:13:22-74
20
21    <permission
21-->[androidx.core:core:1.12.0] AndroidManifest.xml:22:5-24:47
22        android:name="com.vmaster.vpn.DYNAMIC_RECEIVER_NOT_EXPORTED_PERMISSION"
22-->[androidx.core:core:1.12.0] AndroidManifest.xml:23:9-81
23        android:protectionLevel="signature" />
23-->[androidx.core:core:1.12.0] AndroidManifest.xml:24:9-44
24
25    <uses-permission android:name="com.vmaster.vpn.DYNAMIC_RECEIVER_NOT_EXPORTED_PERMISSION" />
25-->[androidx.core:core:1.12.0] AndroidManifest.xml:26:5-97
25-->[androidx.core:core:1.12.0] AndroidManifest.xml:26:22-94
26
27    <application
27-->src/main/AndroidManifest.xml:15:5-71:19
28        android:name="com.vmaster.vpn.VpnApplication"
28-->src/main/AndroidManifest.xml:16:9-39
29        android:allowBackup="true"
29-->src/main/AndroidManifest.xml:17:9-35
30        android:appComponentFactory="androidx.core.app.CoreComponentFactory"
30-->[androidx.core:core:1.12.0] AndroidManifest.xml:28:18-86
31        android:dataExtractionRules="@xml/data_extraction_rules"
31-->src/main/AndroidManifest.xml:18:9-65
32        android:debuggable="true"
33        android:extractNativeLibs="true"
34        android:fullBackupContent="@xml/backup_rules"
34-->src/main/AndroidManifest.xml:19:9-54
35        android:icon="@mipmap/ic_launcher"
35-->src/main/AndroidManifest.xml:20:9-43
36        android:label="@string/app_name"
36-->src/main/AndroidManifest.xml:21:9-41
37        android:roundIcon="@mipmap/ic_launcher_round"
37-->src/main/AndroidManifest.xml:22:9-54
38        android:supportsRtl="true"
38-->src/main/AndroidManifest.xml:23:9-35
39        android:testOnly="true"
40        android:theme="@style/Theme.VMasterVPN"
40-->src/main/AndroidManifest.xml:24:9-48
41        android:usesCleartextTraffic="true" >
41-->src/main/AndroidManifest.xml:25:9-44
42
43        <!-- Splash Activity -->
44        <activity
44-->src/main/AndroidManifest.xml:29:9-37:20
45            android:name="com.vmaster.vpn.ui.splash.SplashActivity"
45-->src/main/AndroidManifest.xml:30:13-53
46            android:exported="true"
46-->src/main/AndroidManifest.xml:31:13-36
47            android:theme="@style/Theme.VMasterVPN.Splash" >
47-->src/main/AndroidManifest.xml:32:13-59
48            <intent-filter>
48-->src/main/AndroidManifest.xml:33:13-36:29
49                <action android:name="android.intent.action.MAIN" />
49-->src/main/AndroidManifest.xml:34:17-69
49-->src/main/AndroidManifest.xml:34:25-66
50
51                <category android:name="android.intent.category.LAUNCHER" />
51-->src/main/AndroidManifest.xml:35:17-77
51-->src/main/AndroidManifest.xml:35:27-74
52            </intent-filter>
53        </activity>
54
55        <!-- Login Activity -->
56        <activity
56-->src/main/AndroidManifest.xml:40:9-43:58
57            android:name="com.vmaster.vpn.ui.login.LoginActivity"
57-->src/main/AndroidManifest.xml:41:13-51
58            android:exported="false"
58-->src/main/AndroidManifest.xml:42:13-37
59            android:windowSoftInputMode="adjustResize" />
59-->src/main/AndroidManifest.xml:43:13-55
60
61        <!-- Main Activity (Dashboard) -->
62        <activity
62-->src/main/AndroidManifest.xml:46:9-49:46
63            android:name="com.vmaster.vpn.ui.dashboard.MainActivity"
63-->src/main/AndroidManifest.xml:47:13-54
64            android:exported="false"
64-->src/main/AndroidManifest.xml:48:13-37
65            android:launchMode="singleTop" />
65-->src/main/AndroidManifest.xml:49:13-43
66
67        <!-- VPN Service -->
68        <service
68-->src/main/AndroidManifest.xml:52:9-59:19
69            android:name="com.vmaster.vpn.ui.vpn.VpnService"
69-->src/main/AndroidManifest.xml:53:13-46
70            android:exported="false"
70-->src/main/AndroidManifest.xml:55:13-37
71            android:permission="android.permission.BIND_VPN_SERVICE" >
71-->src/main/AndroidManifest.xml:54:13-69
72            <intent-filter>
72-->src/main/AndroidManifest.xml:56:13-58:29
73                <action android:name="android.net.VpnService" />
73-->src/main/AndroidManifest.xml:57:17-65
73-->src/main/AndroidManifest.xml:57:25-62
74            </intent-filter>
75        </service>
76
77        <!-- Boot Receiver for Auto-Reconnect -->
78        <receiver
78-->src/main/AndroidManifest.xml:62:9-69:20
79            android:name="com.vmaster.vpn.ui.vpn.BootReceiver"
79-->src/main/AndroidManifest.xml:63:13-48
80            android:enabled="true"
80-->src/main/AndroidManifest.xml:64:13-35
81            android:exported="false" >
81-->src/main/AndroidManifest.xml:65:13-37
82            <intent-filter>
82-->src/main/AndroidManifest.xml:66:13-68:29
83                <action android:name="android.intent.action.BOOT_COMPLETED" />
83-->src/main/AndroidManifest.xml:67:17-79
83-->src/main/AndroidManifest.xml:67:25-76
84            </intent-filter>
85        </receiver>
86
87        <activity
87-->[androidx.compose.ui:ui-tooling-android:1.5.4] AndroidManifest.xml:23:9-25:39
88            android:name="androidx.compose.ui.tooling.PreviewActivity"
88-->[androidx.compose.ui:ui-tooling-android:1.5.4] AndroidManifest.xml:24:13-71
89            android:exported="true" />
89-->[androidx.compose.ui:ui-tooling-android:1.5.4] AndroidManifest.xml:25:13-36
90        <activity
90-->[androidx.compose.ui:ui-test-manifest:1.5.4] AndroidManifest.xml:23:9-25:39
91            android:name="androidx.activity.ComponentActivity"
91-->[androidx.compose.ui:ui-test-manifest:1.5.4] AndroidManifest.xml:24:13-63
92            android:exported="true" />
92-->[androidx.compose.ui:ui-test-manifest:1.5.4] AndroidManifest.xml:25:13-36
93
94        <provider
94-->[androidx.emoji2:emoji2:1.4.0] AndroidManifest.xml:24:9-32:20
95            android:name="androidx.startup.InitializationProvider"
95-->[androidx.emoji2:emoji2:1.4.0] AndroidManifest.xml:25:13-67
96            android:authorities="com.vmaster.vpn.androidx-startup"
96-->[androidx.emoji2:emoji2:1.4.0] AndroidManifest.xml:26:13-68
97            android:exported="false" >
97-->[androidx.emoji2:emoji2:1.4.0] AndroidManifest.xml:27:13-37
98            <meta-data
98-->[androidx.emoji2:emoji2:1.4.0] AndroidManifest.xml:29:13-31:52
99                android:name="androidx.emoji2.text.EmojiCompatInitializer"
99-->[androidx.emoji2:emoji2:1.4.0] AndroidManifest.xml:30:17-75
100                android:value="androidx.startup" />
100-->[androidx.emoji2:emoji2:1.4.0] AndroidManifest.xml:31:17-49
101            <meta-data
101-->[androidx.lifecycle:lifecycle-process:2.6.2] AndroidManifest.xml:29:13-31:52
102                android:name="androidx.lifecycle.ProcessLifecycleInitializer"
102-->[androidx.lifecycle:lifecycle-process:2.6.2] AndroidManifest.xml:30:17-78
103                android:value="androidx.startup" />
103-->[androidx.lifecycle:lifecycle-process:2.6.2] AndroidManifest.xml:31:17-49
104            <meta-data
104-->[androidx.profileinstaller:profileinstaller:1.3.0] AndroidManifest.xml:29:13-31:52
105                android:name="androidx.profileinstaller.ProfileInstallerInitializer"
105-->[androidx.profileinstaller:profileinstaller:1.3.0] AndroidManifest.xml:30:17-85
106                android:value="androidx.startup" />
106-->[androidx.profileinstaller:profileinstaller:1.3.0] AndroidManifest.xml:31:17-49
107        </provider>
108
109        <receiver
109-->[androidx.profileinstaller:profileinstaller:1.3.0] AndroidManifest.xml:34:9-52:20
110            android:name="androidx.profileinstaller.ProfileInstallReceiver"
110-->[androidx.profileinstaller:profileinstaller:1.3.0] AndroidManifest.xml:35:13-76
111            android:directBootAware="false"
111-->[androidx.profileinstaller:profileinstaller:1.3.0] AndroidManifest.xml:36:13-44
112            android:enabled="true"
112-->[androidx.profileinstaller:profileinstaller:1.3.0] AndroidManifest.xml:37:13-35
113            android:exported="true"
113-->[androidx.profileinstaller:profileinstaller:1.3.0] AndroidManifest.xml:38:13-36
114            android:permission="android.permission.DUMP" >
114-->[androidx.profileinstaller:profileinstaller:1.3.0] AndroidManifest.xml:39:13-57
115            <intent-filter>
115-->[androidx.profileinstaller:profileinstaller:1.3.0] AndroidManifest.xml:40:13-42:29
116                <action android:name="androidx.profileinstaller.action.INSTALL_PROFILE" />
116-->[androidx.profileinstaller:profileinstaller:1.3.0] AndroidManifest.xml:41:17-91
116-->[androidx.profileinstaller:profileinstaller:1.3.0] AndroidManifest.xml:41:25-88
117            </intent-filter>
118            <intent-filter>
118-->[androidx.profileinstaller:profileinstaller:1.3.0] AndroidManifest.xml:43:13-45:29
119                <action android:name="androidx.profileinstaller.action.SKIP_FILE" />
119-->[androidx.profileinstaller:profileinstaller:1.3.0] AndroidManifest.xml:44:17-85
119-->[androidx.profileinstaller:profileinstaller:1.3.0] AndroidManifest.xml:44:25-82
120            </intent-filter>
121            <intent-filter>
121-->[androidx.profileinstaller:profileinstaller:1.3.0] AndroidManifest.xml:46:13-48:29
122                <action android:name="androidx.profileinstaller.action.SAVE_PROFILE" />
122-->[androidx.profileinstaller:profileinstaller:1.3.0] AndroidManifest.xml:47:17-88
122-->[androidx.profileinstaller:profileinstaller:1.3.0] AndroidManifest.xml:47:25-85
123            </intent-filter>
124            <intent-filter>
124-->[androidx.profileinstaller:profileinstaller:1.3.0] AndroidManifest.xml:49:13-51:29
125                <action android:name="androidx.profileinstaller.action.BENCHMARK_OPERATION" />
125-->[androidx.profileinstaller:profileinstaller:1.3.0] AndroidManifest.xml:50:17-95
125-->[androidx.profileinstaller:profileinstaller:1.3.0] AndroidManifest.xml:50:25-92
126            </intent-filter>
127        </receiver>
128    </application>
129
130</manifest>